<?xml version="1.0" encoding="UTF-8"?>
<coverage generated="1606564896003" clover="3.2.0">
  <project timestamp="1606564896003" name="All files">
    <metrics statements="29" coveredstatements="15" conditionals="10" coveredconditionals="6" methods="6" coveredmethods="4" elements="45" coveredelements="25" complexity="0" loc="29" ncloc="29" packages="1" files="2" classes="2"/>
    <file name="Ship.js" path="/Users/dariomilani/Desktop/Projects/cruise-ships/src/Ship.js">
      <metrics statements="24" coveredstatements="11" conditionals="6" coveredconditionals="3" methods="4" coveredmethods="2"/>
      <line num="1" count="1" type="stmt"/>
      <line num="3" count="9" type="stmt"/>
      <line num="4" count="9" type="stmt"/>
      <line num="5" count="9" type="stmt"/>
      <line num="6" count="9" type="stmt"/>
      <line num="7" count="9" type="stmt"/>
      <line num="9" count="9" type="stmt"/>
      <line num="12" count="1" type="stmt"/>
      <line num="14" count="0" type="stmt"/>
      <line num="15" count="0" type="stmt"/>
      <line num="17" count="0" type="cond" truecount="0" falsecount="2"/>
      <line num="18" count="0" type="stmt"/>
      <line num="21" count="0" type="stmt"/>
      <line num="22" count="0" type="stmt"/>
      <line num="23" count="0" type="stmt"/>
      <line num="28" count="1" type="stmt"/>
      <line num="30" count="0" type="stmt"/>
      <line num="31" count="0" type="stmt"/>
      <line num="33" count="0" type="stmt"/>
      <line num="34" count="0" type="stmt"/>
      <line num="35" count="0" type="stmt"/>
      <line num="41" count="1" type="cond" truecount="3" falsecount="1"/>
      <line num="42" count="1" type="stmt"/>
      <line num="44" count="0" type="stmt"/>
    </file>
    <file name="itinerary.js" path="/Users/dariomilani/Desktop/Projects/cruise-ships/src/itinerary.js">
      <metrics statements="5" coveredstatements="4" conditionals="4" coveredconditionals="3" methods="2" coveredmethods="2"/>
      <line num="1" count="1" type="stmt"/>
      <line num="3" count="1" type="stmt"/>
      <line num="7" count="1" type="cond" truecount="3" falsecount="1"/>
      <line num="8" count="1" type="stmt"/>
      <line num="10" count="0" type="stmt"/>
    </file>
  </project>
</coverage>
