{"/Users/dariomilani/Desktop/Projects/cruise-ships/src/Ship.js": {"path":"/Users/dariomilani/Desktop/Projects/cruise-ships/src/Ship.js","statementMap":{"0":{"start":{"line":1,"column":0},"end":{"line":46,"column":5}},"1":{"start":{"line":3,"column":4},"end":{"line":3,"column":31}},"2":{"start":{"line":4,"column":4},"end":{"line":4,"column":42}},"3":{"start":{"line":5,"column":4},"end":{"line":5,"column":29}},"4":{"start":{"line":6,"column":4},"end":{"line":6,"column":35}},"5":{"start":{"line":7,"column":4},"end":{"line":7,"column":32}},"6":{"start":{"line":9,"column":4},"end":{"line":9,"column":21}},"7":{"start":{"line":12,"column":0},"end":{"line":25,"column":2}},"8":{"start":{"line":14,"column":22},"end":{"line":14,"column":36}},"9":{"start":{"line":15,"column":29},"end":{"line":15,"column":70}},"10":{"start":{"line":17,"column":4},"end":{"line":19,"column":5}},"11":{"start":{"line":18,"column":8},"end":{"line":18,"column":52}},"12":{"start":{"line":21,"column":4},"end":{"line":21,"column":41}},"13":{"start":{"line":22,"column":4},"end":{"line":22,"column":28}},"14":{"start":{"line":23,"column":4},"end":{"line":23,"column":39}},"15":{"start":{"line":28,"column":0},"end":{"line":37,"column":2}},"16":{"start":{"line":30,"column":22},"end":{"line":30,"column":36}},"17":{"start":{"line":31,"column":30},"end":{"line":31,"column":72}},"18":{"start":{"line":33,"column":4},"end":{"line":33,"column":62}},"19":{"start":{"line":34,"column":4},"end":{"line":34,"column":35}},"20":{"start":{"line":35,"column":4},"end":{"line":35,"column":32}},"21":{"start":{"line":41,"column":0},"end":{"line":45,"column":1}},"22":{"start":{"line":42,"column":4},"end":{"line":42,"column":26}},"23":{"start":{"line":44,"column":4},"end":{"line":44,"column":23}}},"fnMap":{"0":{"name":"exportShip","decl":{"start":{"line":1,"column":10},"end":{"line":1,"column":20}},"loc":{"start":{"line":1,"column":23},"end":{"line":46,"column":1}},"line":1},"1":{"name":"Ship","decl":{"start":{"line":2,"column":13},"end":{"line":2,"column":17}},"loc":{"start":{"line":2,"column":29},"end":{"line":10,"column":1}},"line":2},"2":{"name":"(anonymous_2)","decl":{"start":{"line":13,"column":4},"end":{"line":13,"column":5}},"loc":{"start":{"line":13,"column":15},"end":{"line":24,"column":1}},"line":13},"3":{"name":"(anonymous_3)","decl":{"start":{"line":29,"column":4},"end":{"line":29,"column":5}},"loc":{"start":{"line":29,"column":12},"end":{"line":36,"column":5}},"line":29}},"branchMap":{"0":{"loc":{"start":{"line":17,"column":4},"end":{"line":19,"column":5}},"type":"if","locations":[{"start":{"line":17,"column":4},"end":{"line":19,"column":5}},{"start":{"line":17,"column":4},"end":{"line":19,"column":5}}],"line":17},"1":{"loc":{"start":{"line":41,"column":0},"end":{"line":45,"column":1}},"type":"if","locations":[{"start":{"line":41,"column":0},"end":{"line":45,"column":1}},{"start":{"line":41,"column":0},"end":{"line":45,"column":1}}],"line":41},"2":{"loc":{"start":{"line":41,"column":4},"end":{"line":41,"column":51}},"type":"binary-expr","locations":[{"start":{"line":41,"column":4},"end":{"line":41,"column":33}},{"start":{"line":41,"column":37},"end":{"line":41,"column":51}}],"line":41}},"s":{"0":1,"1":9,"2":9,"3":9,"4":9,"5":9,"6":9,"7":1,"8":0,"9":0,"10":0,"11":0,"12":0,"13":0,"14":0,"15":1,"16":0,"17":0,"18":0,"19":0,"20":0,"21":1,"22":1,"23":0},"f":{"0":1,"1":9,"2":0,"3":0},"b":{"0":[0,0],"1":[1,0],"2":[1,1]},"_coverageSchema":"43e27e138ebf9cfc5966b082cf9a028302ed4184","hash":"e62a54989dfcb277f24847c82ea62643052d702d"}
,"/Users/dariomilani/Desktop/Projects/cruise-ships/src/itinerary.js": {"path":"/Users/dariomilani/Desktop/Projects/cruise-ships/src/itinerary.js","statementMap":{"0":{"start":{"line":1,"column":0},"end":{"line":12,"column":5}},"1":{"start":{"line":3,"column":4},"end":{"line":3,"column":23}},"2":{"start":{"line":7,"column":0},"end":{"line":11,"column":1}},"3":{"start":{"line":8,"column":4},"end":{"line":8,"column":31}},"4":{"start":{"line":10,"column":4},"end":{"line":10,"column":33}}},"fnMap":{"0":{"name":"exportItinerary","decl":{"start":{"line":1,"column":10},"end":{"line":1,"column":25}},"loc":{"start":{"line":1,"column":28},"end":{"line":12,"column":1}},"line":1},"1":{"name":"Itinerary","decl":{"start":{"line":2,"column":13},"end":{"line":2,"column":22}},"loc":{"start":{"line":2,"column":30},"end":{"line":4,"column":1}},"line":2}},"branchMap":{"0":{"loc":{"start":{"line":7,"column":0},"end":{"line":11,"column":1}},"type":"if","locations":[{"start":{"line":7,"column":0},"end":{"line":11,"column":1}},{"start":{"line":7,"column":0},"end":{"line":11,"column":1}}],"line":7},"1":{"loc":{"start":{"line":7,"column":3},"end":{"line":7,"column":50}},"type":"binary-expr","locations":[{"start":{"line":7,"column":3},"end":{"line":7,"column":32}},{"start":{"line":7,"column":36},"end":{"line":7,"column":50}}],"line":7}},"s":{"0":1,"1":1,"2":1,"3":1,"4":0},"f":{"0":1,"1":1},"b":{"0":[1,0],"1":[1,1]},"_coverageSchema":"43e27e138ebf9cfc5966b082cf9a028302ed4184","hash":"931f647d1fc150ac2e0b7d341b26fd2f1e4811b3"}
}
