TN:
SF:/Users/dariomilani/Desktop/Projects/cruise-ships/src/Port.js
FN:1,Port
FN:6,(anonymous_1)
FN:10,(anonymous_2)
FN:14,(anonymous_3)
FNF:4
FNH:3
FNDA:14,Port
FNDA:0,(anonymous_1)
FNDA:3,(anonymous_2)
FNDA:1,(anonymous_3)
DA:2,14
DA:3,14
DA:6,2
DA:7,0
DA:10,2
DA:11,3
DA:14,2
DA:16,1
DA:24,2
LF:9
LH:8
BRF:0
BRH:0
end_of_record
TN:
SF:/Users/dariomilani/Desktop/Projects/cruise-ships/src/Ship.js
FN:1,Ship
FN:11,(anonymous_1)
FN:24,(anonymous_2)
FNF:3
FNH:3
FNDA:9,Ship
FNDA:4,(anonymous_1)
FNDA:2,(anonymous_2)
DA:2,9
DA:3,9
DA:4,9
DA:5,9
DA:6,9
DA:8,9
DA:11,1
DA:12,4
DA:13,4
DA:15,4
DA:16,1
DA:19,3
DA:20,3
DA:21,3
DA:24,1
DA:25,2
DA:26,2
DA:28,2
DA:29,2
DA:30,2
DA:33,1
LF:21
LH:21
BRDA:15,0,0,1
BRDA:15,0,1,3
BRF:2
BRH:2
end_of_record
TN:
SF:/Users/dariomilani/Desktop/Projects/cruise-ships/src/itinerary.js
FN:1,Itinerary
FNF:1
FNH:1
FNDA:2,Itinerary
DA:2,2
DA:6,2
LF:2
LH:2
BRF:0
BRH:0
end_of_record
