TN:
SF:/Users/dariomilani/Desktop/Projects/cruise-ships/src/Ship.js
FN:1,exportShip
FN:2,Ship
FN:13,(anonymous_2)
FN:29,(anonymous_3)
FNF:4
FNH:2
FNDA:1,exportShip
FNDA:9,Ship
FNDA:0,(anonymous_2)
FNDA:0,(anonymous_3)
DA:1,1
DA:3,9
DA:4,9
DA:5,9
DA:6,9
DA:7,9
DA:9,9
DA:12,1
DA:14,0
DA:15,0
DA:17,0
DA:18,0
DA:21,0
DA:22,0
DA:23,0
DA:28,1
DA:30,0
DA:31,0
DA:33,0
DA:34,0
DA:35,0
DA:41,1
DA:42,1
DA:44,0
LF:24
LH:11
BRDA:17,0,0,0
BRDA:17,0,1,0
BRDA:41,1,0,1
BRDA:41,1,1,0
BRDA:41,2,0,1
BRDA:41,2,1,1
BRF:6
BRH:3
end_of_record
TN:
SF:/Users/dariomilani/Desktop/Projects/cruise-ships/src/itinerary.js
FN:1,exportItinerary
FN:2,Itinerary
FNF:2
FNH:2
FNDA:1,exportItinerary
FNDA:1,Itinerary
DA:1,1
DA:3,1
DA:7,1
DA:8,1
DA:10,0
LF:5
LH:4
BRDA:7,0,0,1
BRDA:7,0,1,0
BRDA:7,1,0,1
BRDA:7,1,1,1
BRF:4
BRH:3
end_of_record
